1617564046826	geckodriver	INFO	Listening on 127.0.0.1:62183
1617564054556	mozrunner::runner	INFO	Running command: "C:\\Program Files\\Mozilla Firefox\\firefox.exe" "--marionette" "-foreground" "-no-remote" "-profile" "C:\\Users\\Aloysius\\AppData\\Local\\Temp\\rust_mozprofileVHHoSw"
1617564056808	Marionette	INFO	Listening on port 62193
1617564057226	Marionette	WARN	TLS certificate errors will be ignored for this session
JavaScript warning: https://web.telegram.org/js/app.js, line 20: asm.js type error: duplicate name 'n' not allowed
JavaScript warning: https://web.telegram.org/js/app.js, line 31: asm.js type error: numeric literal out of representable integer range
JavaScript warning: https://web.telegram.org/js/app.js, line 36: asm.js type error: fixnum is not a subtype of double? or floatish
JavaScript warning: https://web.telegram.org/js/app.js, line 53: asm.js type error: double is not a subtype of int
JavaScript warning: https://stockbit.com/assets/js/preinit.min.js, line 213: unreachable code after return statement
JavaScript error: https://connect.facebook.net/en_US/sdk.js?hash=dc235acf4ee54efd297970abe7e39b22, line 63: uncaught exception: Error: You need to call FB.init() with App ID first.
JavaScript error: https://stockbit.com/#/login line 865 > injectedScript, line 1: SyntaxError: JSON.parse: unexpected character at line 1 column 1 of the JSON data
JavaScript error: https://stockbit.com/#/login line 865 > injectedScript, line 1: ReferenceError: fbq is not defined
JavaScript warning: https://cdn.zarget.com/144446/337134.js, line 3: unreachable code after return statement
1617564098365	Marionette	INFO	Stopped listening on port 62191617564104840	mozrunner::runner	INFO	Running command: "C:\\Program Files\\Mozilla Firefox\\firefox.exe" "--marionette" "-foreground" "-no-remote" "-profile" "C:\\Users\\Aloysius\\AppData\\Local\\Temp\\rust_mozprofile6dv9vk"
1617564106507	Marionette	INFO	Listening on port 62307
1617564106902	Marionette	WARN	TLS certificate errors will be ignored for this session
JavaScript warning: https://web.telegram.org/js/app.js, line 20: asm.js type error: duplicate name 'n' not allowed
JavaScript warning: https://web.telegram.org/js/app.js, line 31: asm.js type error: numeric literal out of representable integer range
JavaScript warning: https://web.telegram.org/js/app.js, line 36: asm.js type error: fixnum is not a subtype of double? or floatish
JavaScript warning: https://web.telegram.org/js/app.js, line 53: asm.js type error: double is not a subtype of int
JavaScript warning: https://stockbit.com/assets/js/preinit.min.js, line 213: unreachable code after return statement
JavaScript error: https://stockbit.com/#/login line 865 > injectedScript, line 1: SyntaxError: JSON.parse: unexpected character at line 1 column 1 of the JSON data
JavaScript error: https://stockbit.com/#/login line 865 > injectedScript, line 1: ReferenceError: fbq is not defined
JavaScript warning: https://cdn.zarget.com/144446/337134.js, line 3: unreachable code after return statement
1617564574406	Marionette	INFO	Stopped listening on port 62307

###!!! [Child][RunMessage] Error: Channel closing: too late to send/recv, messages will be lost

1617645900592	geckodriver	INFO	Listening on 127.0.0.1:53516
1617645907756	mozrunner::runner	INFO	Running command: "C:\\Program Files\\Mozilla Firefox\\firefox.exe" "--marionette" "-foreground" "-no-remote" "-profile" "C:\\Users\\Aloysius\\AppData\\Local\\Temp\\rust_mozprofile5UDZ4Q"
1617645910231	Marionette	INFO	Listening on port 53524
1617645910441	Marionette	WARN	TLS certificate errors will be ignored for this session
JavaScript warning: https://web.telegram.org/js/app.js, line 20: asm.js type error: duplicate name 'n' not allowed
JavaScript warning: https://web.telegram.org/js/app.js, line 31: asm.js type error: numeric literal out of representable integer range
JavaScript warning: https://web.telegram.org/js/app.js, line 36: asm.js type error: fixnum is not a subtype of double? or floatish
JavaScript warning: https://web.telegram.org/js/app.js, line 53: asm.js type error: double is not a subtype of int
JavaScript warning: https://stockbit.com/assets/js/preinit.min.js, line 213: unreachable code after return statement
JavaScript error: https://connect.facebook.net/en_US/sdk.js?hash=0b803cb4962b9b4910d0ae7bed890ecd, line 63: uncaught exception: Error: You need to call FB.init() with App ID first.
JavaScript error: https://stockbit.com/#/login line 865 > injectedScript, line 1: SyntaxError: JSON.parse: unexpected character at line 1 column 1 of the JSON data
JavaScript error: https://stockbit.com/#/login line 865 > injectedScript, line 1: ReferenceError: fbq is not defined
JavaScript warning: https://cdn.zarget.com/144446/337134.js, line 3: unreachable code after return statement
[Parent 20644, IPC I/O Parent] WARNING: file /builds/worker/checkouts/gecko/ipc/chromium/src/base/process_util_win.cc:167
1617649868810	Marionette	INFO	Stopped listening on port 53524

###!!! [Child][RunMessage] Error: Channel closing: too late to send/recv, messages will be lost

1617728557805	geckodriver	INFO	Listening on 127.0.0.1:60326
1617728564875	mozrunner::runner	INFO	Running command: "C:\\Program Files\\Mozilla Firefox\\firefox.exe" "--marionette" "-foreground" "-no-remote" "-profile" "C:\\Users\\Aloysius\\AppData\\Local\\Temp\\rust_mozprofilegzFlBe"
1617728567495	Marionette	INFO	Listening on port 60334
1617728567564	Marionette	WARN	TLS certificate errors will be ignored for this session
JavaScript warning: https://web.telegram.org/js/app.js, line 20: asm.js type error: duplicate name 'n' not allowed
JavaScript warning: https://web.telegram.org/js/app.js, line 31: asm.js type error: numeric literal out of representable integer range
JavaScript warning: https://web.telegram.org/js/app.js, line 36: asm.js type error: fixnum is not a subtype of double? or floatish
JavaScript warning: https://web.telegram.org/js/app.js, line 53: asm.js type error: double is not a subtype of int
JavaScript warning: https://stockbit.com/assets/js/preinit.min.js, line 213: unreachable code after return statement
JavaScript error: https://stockbit.com/#/StockbitNews line 865 > injectedScript, line 1: SyntaxError: JSON.parse: unexpected character at line 1 column 1 of the JSON data
JavaScript error: https://stockbit.com/#/StockbitNews line 865 > injectedScript, line 1: ReferenceError: fbq is not defined
JavaScript warning: https://cdn.zarget.com/144446/337134.js, line 3: unreachable code after return statement
[Parent 4472, IPC I/O Parent] WARNING: file /builds/worker/checkouts/gecko/ipc/chromium/src/base/process_util_win.cc:167
1617739145450	Marionette	INFO	Stopped listening on port 60334

###!!! [Child][RunMessage] Error: Channel closing: too late to send/recv, messages will be lost

1617817410715	geckodriver	INFO	Listening on 127.0.0.1:54866
1617817418122	mozrunner::runner	INFO	Running command: "C:\\Program Files\\Mozilla Firefox\\firefox.exe" "--marionette" "-foreground" "-no-remote" "-profile" "C:\\Users\\Aloysius\\AppData\\Local\\Temp\\rust_mozprofileFoZJXT"
1617817420742	Marionette	INFO	Listening on port 54877
1617817420840	Marionette	WARN	TLS certificate errors will be ignored for this session
JavaScript warning: https://web.telegram.org/js/app.js, line 20: asm.js type error: duplicate name 'n' not allowed
JavaScript warning: https://web.telegram.org/js/app.js, line 31: asm.js type error: numeric literal out of representable integer range
JavaScript warning: https://web.telegram.org/js/app.js, line 36: asm.js type error: fixnum is not a subtype of double? or floatish
JavaScript warning: https://web.telegram.org/js/app.js, line 53: asm.js type error: double is not a subtype of int
JavaScript warning: https://stockbit.com/assets/js/preinit.min.js, line 213: unreachable code after return statement
JavaScript error: https://stockbit.com/#/StockbitNews line 867 > injectedScript, line 1: SyntaxError: JSON.parse: unexpected character at line 1 column 1 of the JSON data
JavaScript error: https://stockbit.com/#/StockbitNews line 867 > injectedScript, line 1: ReferenceError: fbq is not defined
JavaScript error: https://connect.facebook.net/en_US/sdk.js?hash=c436330564833a60874386e5c9db3f65, line 63: uncaught exception: Error: You need to call FB.init() with App ID first.
JavaScript warning: https://cdn.zarget.com/144446/337134.js, line 3: unreachable code after return statement
[Parent 19064, IPC I/O Parent] WARNING: file /builds/worker/checkouts/gecko/ipc/chromium/src/base/process_util_win.cc:167
1617826632521	Marionette	INFO	Stopped listening on port 54877

###!!! [Child][RunMessage] Error: Channel closing: too late to send/recv, messages will be lost

1617991630574	geckodriver	INFO	Listening on 127.0.0.1:60213
1617991638255	mozrunner::runner	INFO	Running command: "C:\\Program Files\\Mozilla Firefox\\firefox.exe" "--marionette" "-foreground" "-no-remote" "-profile" "C:\\Users\\Aloysius\\AppData\\Local\\Temp\\rust_mozprofileC0VhqR"
1617991640761	Marionette	INFO	Listening on port 60222
1617991640958	Marionette	WARN	TLS certificate errors will be ignored for this session
JavaScript warning: https://web.telegram.org/js/app.js, line 20: asm.js type error: duplicate name 'n' not allowed
JavaScript warning: https://web.telegram.org/js/app.js, line 31: asm.js type error: numeric literal out of representable integer range
JavaScript warning: https://web.telegram.org/js/app.js, line 36: asm.js type error: fixnum is not a subtype of double? or floatish
JavaScript warning: https://web.telegram.org/js/app.js, line 53: asm.js type error: double is not a subtype of int
JavaScript warning: https://stockbit.com/assets/js/preinit.min.js, line 213: unreachable code after return statement
JavaScript error: https://stockbit.com/#/login line 867 > injectedScript, line 1: SyntaxError: JSON.parse: unexpected character at line 1 column 1 of the JSON data
JavaScript error: https://stockbit.com/#/login line 867 > injectedScript, line 1: ReferenceError: fbq is not defined
JavaScript warning: https://cdn.zarget.com/144446/337134.js, line 3: unreachable code after return statement
[Parent 24220, IPC I/O Parent] WARNING: file /builds/worker/checkouts/gecko/ipc/chromium/src/base/process_util_win.cc:167
1618000252767	Marionette	INFO	Stopped listening on port 60222
1618245694142	geckodriver	INFO	Listening on 127.0.0.1:52376
1618245702257	mozrunner::runner	INFO	Running command: "C:\\Program Files\\Mozilla Firefox\\firefox.exe" "--marionette" "-foreground" "-no-remote" "-profile" "C:\\Users\\Aloysius\\AppData\\Local\\Temp\\rust_mozprofilepMlIqB"
1618245703694	Marionette	INFO	Listening on port 52385
1618245703793	Marionette	WARN	TLS certificate errors will be ignored for this session
JavaScript warning: https://web.telegram.org/js/app.js, line 20: asm.js type error: duplicate name 'n' not allowed
JavaScript warning: https://web.telegram.org/js/app.js, line 31: asm.js type error: numeric literal out of representable integer range
JavaScript warning: https://web.telegram.org/js/app.js, line 36: asm.js type error: fixnum is not a subtype of double? or floatish
JavaScript warning: https://web.telegram.org/js/app.js, line 53: asm.js type error: double is not a subtype of int
JavaScript warning: https://stockbit.com/assets/js/preinit.min.js, line 213: unreachable code after return statement
JavaScript error: https://stockbit.com/#/StockbitNews line 867 > injectedScript, line 1: SyntaxError: JSON.parse: unexpected character at line 1 column 1 of the JSON data
JavaScript error: https://stockbit.com/#/StockbitNews line 867 > injectedScript, line 1: ReferenceError: fbq is not defined
JavaScript warning: https://cdn.zarget.com/144446/337134.js, line 3: unreachable code after return statement
JavaScript error: https://connect.facebook.net/en_US/sdk.js?hash=1fe2e418acb320f5bb379a5f27352ff5, line 63: uncaught exception: Error: You need to call FB.init() with App ID first.
1618248402523	Marionette	INFO	Stopped listening on port 52385

###!!! [Child][RunMessage] Error: Channel closing: too late to send/recv, messages will be lost

1618333991927	geckodriver	INFO	Listening on 127.0.0.1:52696
1618333999890	mozrunner::runner	INFO	Running command: "C:\\Program Files\\Mozilla Firefox\\firefox.exe" "--marionette" "-foreground" "-no-remote" "-profile" "C:\\Users\\Aloysius\\AppData\\Local\\Temp\\rust_mozprofileZhx9NR"
1618334003042	Marionette	INFO	Listening on port 52705
1618334003105	Marionette	WARN	TLS certificate errors will be ignored for this session
JavaScript warning: https://web.telegram.org/js/app.js, line 20: asm.js type error: duplicate name 'n' not allowed
JavaScript warning: https://web.telegram.org/js/app.js, line 31: asm.js type error: numeric literal out of representable integer range
JavaScript warning: https://web.telegram.org/js/app.js, line 36: asm.js type error: fixnum is not a subtype of double? or floatish
JavaScript warning: https://web.telegram.org/js/app.js, line 53: asm.js type error: double is not a subtype of int
JavaScript warning: https://stockbit.com/assets/js/preinit.min.js, line 213: unreachable code after return statement
JavaScript error: https://stockbit.com/#/StockbitNews line 867 > injectedScript, line 1: SyntaxError: JSON.parse: unexpected character at line 1 column 1 of the JSON data
JavaScript error: https://stockbit.com/#/StockbitNews line 867 > injectedScript, line 1: ReferenceError: fbq is not defined
JavaScript warning: https://cdn.zarget.com/144446/337134.js, line 3: unreachable code after return statement
1618339531323	Marionette	INFO	Stopped listening on port 52705
1618420388175	geckodriver	INFO	Listening on 127.0.0.1:56482
1618420395606	mozrunner::runner	INFO	Running command: "C:\\Program Files\\Mozilla Firefox\\firefox.exe" "--marionette" "-foreground" "-no-remote" "-profile" "C:\\Users\\Aloysius\\AppData\\Local\\Temp\\rust_mozprofileWE3rTL"
1618420398235	Marionette	INFO	Listening on port 56495
1618420398300	Marionette	WARN	TLS certificate errors will be ignored for this session
JavaScript warning: https://web.telegram.org/js/app.js, line 20: asm.js type error: duplicate name 'n' not allowed
JavaScript warning: https://web.telegram.org/js/app.js, line 31: asm.js type error: numeric literal out of representable integer range
JavaScript warning: https://web.telegram.org/js/app.js, line 36: asm.js type error: fixnum is not a subtype of double? or floatish
JavaScript warning: https://web.telegram.org/js/app.js, line 53: asm.js type error: double is not a subtype of int
JavaScript warning: https://stockbit.com/assets/js/preinit.min.js, line 213: unreachable code after return statement
JavaScript error: https://stockbit.com/#/login line 867 > injectedScript, line 1: ReferenceError: FB is not defined
JavaScript error: https://stockbit.com/#/login line 867 > injectedScript, line 1: SyntaxError: JSON.parse: unexpected character at line 1 column 1 of the JSON data
JavaScript error: https://stockbit.com/#/login line 867 > injectedScript, line 1: ReferenceError: fbq is not defined
JavaScript warning: https://cdn.zarget.com/144446/337134.js, line 3: unreachable code after return statement
1618421890514	Marionette	INFO	Stopped listening on port 56491618421895693	mozrunner::runner	INFO	Running command: "C:\\Program Files\\Mozilla Firefox\\firefox.exe" "--marionette" "-foreground" "-no-remote" "-profile" "C:\\Users\\Aloysius\\AppData\\Local\\Temp\\rust_mozprofilepdv0G5"
1618421897477	Marionette	INFO	Listening on port 57740
1618421897763	Marionette	WARN	TLS certificate errors will be ignored for this session
JavaScript warning: https://web.telegram.org/js/app.js, line 20: asm.js type error: duplicate name 'n' not allowed
JavaScript warning: https://web.telegram.org/js/app.js, line 31: asm.js type error: numeric literal out of representable integer range
JavaScript warning: https://web.telegram.org/js/app.js, line 36: asm.js type error: fixnum is not a subtype of double? or floatish
JavaScript warning: https://web.telegram.org/js/app.js, line 53: asm.js type error: double is not a subtype of int
JavaScript warning: https://stockbit.com/assets/js/preinit.min.js, line 213: unreachable code after return statement
JavaScript error: https://stockbit.com/#/StockbitNews line 867 > injectedScript, line 1: SyntaxError: JSON.parse: unexpected character at line 1 column 1 of the JSON data
JavaScript error: https://stockbit.com/#/StockbitNews line 867 > injectedScript, line 1: ReferenceError: fbq is not defined
JavaScript warning: https://cdn.zarget.com/144446/337134.js, line 3: unreachable code after return statement
1618421953784	Marionette	INFO	Stopped listening on port 57741618421956970	mozrunner::runner	INFO	Running command: "C:\\Program Files\\Mozilla Firefox\\firefox.exe" "--marionette" "-foreground" "-no-remote" "-profile" "C:\\Users\\Aloysius\\AppData\\Local\\Temp\\rust_mozprofile7NbgE8"
1618421958618	Marionette	INFO	Listening on port 57886
1618421959032	Marionette	WARN	TLS certificate errors will be ignored for this session
JavaScript warning: https://web.telegram.org/js/app.js, line 20: asm.js type error: duplicate name 'n' not allowed
JavaScript warning: https://web.telegram.org/js/app.js, line 31: asm.js type error: numeric literal out of representable integer range
JavaScript warning: https://web.telegram.org/js/app.js, line 36: asm.js type error: fixnum is not a subtype of double? or floatish
JavaScript warning: https://web.telegram.org/js/app.js, line 53: asm.js type error: double is not a subtype of int
JavaScript warning: https://stockbit.com/assets/js/preinit.min.js, line 213: unreachable code after return statement
JavaScript error: https://stockbit.com/#/StockbitNews line 867 > injectedScript, line 1: SyntaxError: JSON.parse: unexpected character at line 1 column 1 of the JSON data
JavaScript error: https://stockbit.com/#/StockbitNews line 867 > injectedScript, line 1: ReferenceError: fbq is not defined
JavaScript warning: https://cdn.zarget.com/144446/337134.js, line 3: unreachable code after return statement
1618430144244	Marionette	INFO	Stopped listening on port 57886

###!!! [Child][RunMessage] Error: Channel closing: too late to send/recv, messages will be lost

1618592859215	geckodriver	INFO	Listening on 127.0.0.1:64284
1618592866907	mozrunner::runner	INFO	Running command: "C:\\Program Files\\Mozilla Firefox\\firefox.exe" "--marionette" "-foreground" "-no-remote" "-profile" "C:\\Users\\Aloysius\\AppData\\Local\\Temp\\rust_mozprofileLXhYTD"
1618592869461	Marionette	INFO	Listening on port 64297
1618592869602	Marionette	WARN	TLS certificate errors will be ignored for this session
JavaScript warning: https://web.telegram.org/js/app.js, line 20: asm.js type error: duplicate name 'n' not allowed
JavaScript warning: https://web.telegram.org/js/app.js, line 31: asm.js type error: numeric literal out of representable integer range
JavaScript warning: https://web.telegram.org/js/app.js, line 36: asm.js type error: fixnum is not a subtype of double? or floatish
JavaScript warning: https://web.telegram.org/js/app.js, line 53: asm.js type error: double is not a subtype of int
JavaScript warning: https://stockbit.com/assets/js/preinit.min.js, line 213: unreachable code after return statement
JavaScript error: https://stockbit.com/#/StockbitNews line 867 > injectedScript, line 1: SyntaxError: JSON.parse: unexpected character at line 1 column 1 of the JSON data
JavaScript error: https://stockbit.com/#/StockbitNews line 867 > injectedScript, line 1: ReferenceError: fbq is not defined
JavaScript warning: https://cdn.zarget.com/144446/337134.js, line 3: unreachable code after return statement
JavaScript error: https://connect.facebook.net/en_US/sdk.js?hash=413e3fa657aa06ad6944bec97d7491a5, line 63: uncaught exception: Error: You need to call FB.init() with App ID first.
[Parent 17300, IPC I/O Parent] WARNING: file /builds/worker/checkouts/gecko/ipc/chromium/src/base/process_util_win.cc:167
1618607180338	Marionette	INFO	Stopped listening on port 64297
1618679711653	geckodriver	INFO	Listening on 127.0.0.1:52801
1618679719009	mozrunner::runner	INFO	Running command: "C:\\Program Files\\Mozilla Firefox\\firefox.exe" "--marionette" "-foreground" "-no-remote" "-profile" "C:\\Users\\Aloysius\\AppData\\Local\\Temp\\rust_mozprofiledH01IG"
1618679721538	Marionette	INFO	Listening on port 52811
1618679721702	Marionette	WARN	TLS certificate errors will be ignored for this session
JavaScript warning: https://web.telegram.org/js/app.js, line 20: asm.js type error: duplicate name 'n' not allowed
JavaScript warning: https://web.telegram.org/js/app.js, line 31: asm.js type error: numeric literal out of representable integer range
JavaScript warning: https://web.telegram.org/js/app.js, line 36: asm.js type error: fixnum is not a subtype of double? or floatish
JavaScript warning: https://web.telegram.org/js/app.js, line 53: asm.js type error: double is not a subtype of int
JavaScript warning: https://stockbit.com/assets/js/preinit.min.js, line 213: unreachable code after return statement
JavaScript error: https://connect.facebook.net/en_US/sdk.js?hash=608d7ea0ae4fb08148d30c50c73f4d5a, line 63: uncaught exception: Error: You need to call FB.init() with App ID first.
JavaScript error: https://stockbit.com/#/login line 867 > injectedScript, line 1: SyntaxError: JSON.parse: unexpected character at line 1 column 1 of the JSON data
JavaScript error: https://stockbit.com/#/login line 867 > injectedScript, line 1: ReferenceError: fbq is not defined
JavaScript warning: https://cdn.zarget.com/144446/337134.js, line 3: unreachable code after return statement

###!!! [Child][MessageChannel] Error: (msgtype=0x6B0027,name=PNecko::Msg_RemoveRequestContext) Channel closing: too late to send/recv, messages will be lost

1618685240188	Marionette	INFO	Stopped listening on port 52811

###!!! [Child][RunMessage] Error: Channel closing: too late to send/recv, messages will be lost

1618769093696	geckodriver	INFO	Listening on 127.0.0.1:56484
1618769100930	mozrunner::runner	INFO	Running command: "C:\\Program Files\\Mozilla Firefox\\firefox.exe" "--marionette" "-foreground" "-no-remote" "-profile" "C:\\Users\\Aloysius\\AppData\\Local\\Temp\\rust_mozprofile2FiezH"
1618769103622	Marionette	INFO	Listening on port 56492
1618769104143	Marionette	WARN	TLS certificate errors will be ignored for this session
JavaScript warning: https://stockbit.com/assets/js/preinit.min.js, line 213: unreachable code after return statement
JavaScript warning: https://web.telegram.org/js/app.js, line 20: asm.js type error: duplicate name 'n' not allowed
JavaScript warning: https://web.telegram.org/js/app.js, line 31: asm.js type error: numeric literal out of representable integer range
JavaScript warning: https://web.telegram.org/js/app.js, line 36: asm.js type error: fixnum is not a subtype of double? or floatish
JavaScript warning: https://web.telegram.org/js/app.js, line 53: asm.js type error: double is not a subtype of int
JavaScript error: https://stockbit.com/#/StockbitNews line 867 > injectedScript, line 1: SyntaxError: JSON.parse: unexpected character at line 1 column 1 of the JSON data
JavaScript error: https://stockbit.com/#/StockbitNews line 867 > injectedScript, line 1: ReferenceError: fbq is not defined
JavaScript warning: https://cdn.zarget.com/144446/337134.js, line 3: unreachable code after return statement
JavaScript error: https://connect.facebook.net/en_US/sdk.js?hash=f60a4c959acd4984da9de9bd284b3bbd, line 63: uncaught exception: Error: You need to call FB.init() with App ID first.
[Parent 24556, IPC I/O Parent] WARNING: file /builds/worker/checkouts/gecko/ipc/chromium/src/base/process_util_win.cc:167
1618783042458	Marionette	INFO	Stopped listening on port 56492
1618858084801	geckodriver	INFO	Listening on 127.0.0.1:59704
1618858092268	mozrunner::runner	INFO	Running command: "C:\\Program Files\\Mozilla Firefox\\firefox.exe" "--marionette" "-foreground" "-no-remote" "-profile" "C:\\Users\\Aloysius\\AppData\\Local\\Temp\\rust_mozprofileJ3hNgy"
1618858094427	Marionette	INFO	Listening on port 59716
1618858094457	Marionette	WARN	TLS certificate errors will be ignored for this session
JavaScript warning: https://web.telegram.org/js/app.js, line 20: asm.js type error: duplicate name 'n' not allowed
JavaScript warning: https://web.telegram.org/js/app.js, line 31: asm.js type error: numeric literal out of representable integer range
JavaScript warning: https://web.telegram.org/js/app.js, line 36: asm.js type error: fixnum is not a subtype of double? or floatish
JavaScript warning: https://web.telegram.org/js/app.js, line 53: asm.js type error: double is not a subtype of int
JavaScript warning: https://stockbit.com/assets/js/preinit.min.js, line 213: unreachable code after return statement
JavaScript error: https://stockbit.com/#/login line 867 > injectedScript, line 1: SyntaxError: JSON.parse: unexpected character at line 1 column 1 of the JSON data
JavaScript error: https://stockbit.com/#/login line 867 > injectedScript, line 1: ReferenceError: fbq is not defined
JavaScript warning: https://cdn.zarget.com/144446/337134.js, line 3: unreachable code after return statement
1618859886732	Marionette	INFO	Stopped listening on port 59716

###!!! [Child][RunMessage] Error: Channel closing: too late to send/recv, messages will be lost

1619197959437	geckodriver	INFO	Listening on 127.0.0.1:63011
1619197966064	mozrunner::runner	INFO	Running command: "C:\\Program Files\\Mozilla Firefox\\firefox.exe" "--marionette" "-foreground" "-no-remote" "-profile" "C:\\Users\\Aloysius\\AppData\\Local\\Temp\\rust_mozprofileQL2HYA"
1619197968455	Marionette	INFO	Listening on port 63019
1619197968747	Marionette	WARN	TLS certificate errors will be ignored for this session
JavaScript warning: https://web.telegram.org/js/app.js, line 20: asm.js type error: duplicate name 'n' not allowed
JavaScript warning: https://web.telegram.org/js/app.js, line 31: asm.js type error: numeric literal out of representable integer range
JavaScript warning: https://web.telegram.org/js/app.js, line 36: asm.js type error: fixnum is not a subtype of double? or floatish
JavaScript warning: https://web.telegram.org/js/app.js, line 53: asm.js type error: double is not a subtype of int
JavaScript warning: https://stockbit.com/assets/js/preinit.min.js, line 160: unreachable code after return statement
JavaScript error: https://stockbit.com/#/StockbitNews line 865 > injectedScript, line 1: SyntaxError: JSON.parse: unexpected character at line 1 column 1 of the JSON data
JavaScript error: https://stockbit.com/#/StockbitNews line 865 > injectedScript, line 1: ReferenceError: fbq is not defined
JavaScript warning: https://cdn.zarget.com/144446/337134.js, line 3: unreachable code after return statement

###!!! [Parent][RunMessage] Error: Channel closing: too late to send/recv, messages will be lost

1619200859750	Marionette	INFO	Stopped listening on port 63019

###!!! [Child][RunMessage] Error: Channel closing: too late to send/recv, messages will be lost

1619284378719	geckodriver	INFO	Listening on 127.0.0.1:51116
1619284385262	mozrunner::runner	INFO	Running command: "C:\\Program Files\\Mozilla Firefox\\firefox.exe" "--marionette" "-foreground" "-no-remote" "-profile" "C:\\Users\\Aloysius\\AppData\\Local\\Temp\\rust_mozprofileLEl0yD"
1619284388279	Marionette	INFO	Listening on port 51141
1619284388469	Marionette	WARN	TLS certificate errors will be ignored for this session
JavaScript warning: https://web.telegram.org/js/app.js, line 20: asm.js type error: duplicate name 'n' not allowed
JavaScript warning: https://web.telegram.org/js/app.js, line 31: asm.js type error: numeric literal out of representable integer range
JavaScript warning: https://web.telegram.org/js/app.js, line 36: asm.js type error: fixnum is not a subtype of double? or floatish
JavaScript warning: https://web.telegram.org/js/app.js, line 53: asm.js type error: double is not a subtype of int
JavaScript warning: https://stockbit.com/assets/js/preinit.min.js, line 160: unreachable code after return statement
JavaScript error: https://stockbit.com/#/StockbitNews line 865 > injectedScript, line 1: SyntaxError: JSON.parse: unexpected character at line 1 column 1 of the JSON data
JavaScript error: https://stockbit.com/#/StockbitNews line 865 > injectedScript, line 1: ReferenceError: fbq is not defined
JavaScript warning: https://cdn.zarget.com/144446/337134.js, line 3: unreachable code after return statement
1619287144256	Marionette	INFO	Stopped listening on port 51141

###!!! [Child][RunMessage] Error: Channel closing: too late to send/recv, messages will be lost

1619366001173	geckodriver	INFO	Listening on 127.0.0.1:50222
1619366007365	mozrunner::runner	INFO	Running command: "C:\\Program Files\\Mozilla Firefox\\firefox.exe" "--marionette" "-foreground" "-no-remote" "-profile" "C:\\Users\\Aloysius\\AppData\\Local\\Temp\\rust_mozprofileGWQo7D"
1619366009892	Marionette	INFO	Listening on port 50231
1619366010068	Marionette	WARN	TLS certificate errors will be ignored for this session
JavaScript warning: https://web.telegram.org/js/app.js, line 20: asm.js type error: duplicate name 'n' not allowed
JavaScript warning: https://web.telegram.org/js/app.js, line 31: asm.js type error: numeric literal out of representable integer range
JavaScript warning: https://web.telegram.org/js/app.js, line 36: asm.js type error: fixnum is not a subtype of double? or floatish
JavaScript warning: https://web.telegram.org/js/app.js, line 53: asm.js type error: double is not a subtype of int
JavaScript warning: https://stockbit.com/assets/js/preinit.min.js, line 160: unreachable code after return statement
JavaScript error: https://stockbit.com/#/StockbitNews line 865 > injectedScript, line 1: SyntaxError: JSON.parse: unexpected character at line 1 column 1 of the JSON data
JavaScript error: https://stockbit.com/#/StockbitNews line 865 > injectedScript, line 1: ReferenceError: fbq is not defined
JavaScript warning: https://cdn.zarget.com/144446/337134.js, line 3: unreachable code after return statement
1619369691706	Marionette	INFO	Stopped listening on port 50231

###!!! [Child][RunMessage] Error: Channel closing: too late to send/recv, messages will be lost

1619461572983	geckodriver	INFO	Listening on 127.0.0.1:55682
1619461581146	mozrunner::runner	INFO	Running command: "C:\\Program Files\\Mozilla Firefox\\firefox.exe" "--marionette" "-foreground" "-no-remote" "-profile" "C:\\Users\\Aloysius\\AppData\\Local\\Temp\\rust_mozprofilege7gSS"
1619461582793	Marionette	INFO	Listening on port 55694
1619461583212	Marionette	WARN	TLS certificate errors will be ignored for this session
JavaScript warning: https://web.telegram.org/js/app.js, line 20: asm.js type error: duplicate name 'n' not allowed
JavaScript warning: https://web.telegram.org/js/app.js, line 31: asm.js type error: numeric literal out of representable integer range
JavaScript warning: https://web.telegram.org/js/app.js, line 36: asm.js type error: fixnum is not a subtype of double? or floatish
JavaScript warning: https://web.telegram.org/js/app.js, line 53: asm.js type error: double is not a subtype of int
JavaScript warning: https://stockbit.com/assets/js/preinit.min.js, line 213: unreachable code after return statement
JavaScript error: https://stockbit.com/#/StockbitNews line 865 > injectedScript, line 1: SyntaxError: JSON.parse: unexpected character at line 1 column 1 of the JSON data
JavaScript error: https://stockbit.com/#/StockbitNews line 865 > injectedScript, line 1: ReferenceError: fbq is not defined
JavaScript warning: https://cdn.zarget.com/144446/337134.js, line 3: unreachable code after return statement
1619462093622	Marionette	INFO	Stopped listening on port 55694

###!!! [Child][RunMessage] Error: Channel closing: too late to send/recv, messages will be lost

"--marionette" "-foreground" "-no-remote" "-profile" "C:\\Users\\Aloysius\\AppData\\Local\\Temp\\rust_mozprofilea22wcQ"
1619461626918	Marionette	INFO	Listening on port 55813
1619461627132	Marionette	WARN	TLS certificate errors will be ignored for this session
JavaScript warning: https://web.telegram.org/js/app.js, line 20: asm.js type error: duplicate name 'n' not allowed
JavaScript warning: https://web.telegram.org/js/app.js, line 31: asm.js type error: numeric literal out of representable integer range
JavaScript warning: https://web.telegram.org/js/app.js, line 36: asm.js type error: fixnum is not a subtype of double? or floatish
JavaScript warning: https://web.telegram.org/js/app.js, line 53: asm.js type error: double is not a subtype of int
JavaScript warning: https://stockbit.com/assets/js/preinit.min.js, line 213: unreachable code after return statement
JavaScript error: https://stockbit.com/#/StockbitNews line 865 > injectedScript, line 1: SyntaxError: JSON.parse: unexpected character at line 1 column 1 of the JSON data
JavaScript error: https://stockbit.com/#/StockbitNews line 865 > injectedScript, line 1: ReferenceError: fbq is not defined
JavaScript warning: https://cdn.zarget.com/144446/337134.js, line 3: unreachable code after return statement
1619462094426	Marionette	INFO	Stopped listening on port 55813

###!!! [Child][RunMessage] Error: Channel closing: too late to send/recv, messages will be lost

1619544076943	geckodriver	INFO	Listening on 127.0.0.1:55172
1619544083869	mozrunner::runner	INFO	Running command: "C:\\Program Files\\Mozilla Firefox\\firefox.exe" "--marionette" "-foreground" "-no-remote" "-profile" "C:\\Users\\Aloysius\\AppData\\Local\\Temp\\rust_mozprofile2l7hys"
1619544085611	Marionette	INFO	Listening on port 55182
1619544085940	Marionette	WARN	TLS certificate errors will be ignored for this session
JavaScript warning: https://web.telegram.org/js/app.js, line 20: asm.js type error: duplicate name 'n' not allowed
JavaScript warning: https://web.telegram.org/js/app.js, line 31: asm.js type error: numeric literal out of representable integer range
JavaScript warning: https://web.telegram.org/js/app.js, line 36: asm.js type error: fixnum is not a subtype of double? or floatish
JavaScript warning: https://web.telegram.org/js/app.js, line 53: asm.js type error: double is not a subtype of int
JavaScript warning: https://stockbit.com/assets/js/preinit.min.js, line 213: unreachable code after return statement
JavaScript error: https://stockbit.com/#/StockbitNews line 865 > injectedScript, line 1: SyntaxError: JSON.parse: unexpected character at line 1 column 1 of the JSON data
JavaScript error: https://stockbit.com/#/StockbitNews line 865 > injectedScript, line 1: ReferenceError: fbq is not defined
JavaScript warning: https://cdn.zarget.com/144446/337134.js, line 3: unreachable code after return statement
JavaScript warning: https://web.telegram.org/js/app.js, line 20: asm.js type error: duplicate name 'n' not allowed
JavaScript warning: https://web.telegram.org/js/app.js, line 31: asm.js type error: numeric literal out of representable integer range
JavaScript warning: https://web.telegram.org/js/app.js, line 36: asm.js type error: fixnum is not a subtype of double? or floatish
JavaScript warning: https://web.telegram.org/js/app.js, line 53: asm.js type error: double is not a subtype of int
1619545845471	Marionette	INFO	Stopped listening on port 55182

###!!! [Child][RunMessage] Error: Channel closing: too late to send/recv, messages will be lost

1619631928176	geckodriver	INFO	Listening on 127.0.0.1:63946
1619631935054	mozrunner::runner	INFO	Running command: "C:\\Program Files\\Mozilla Firefox\\firefox.exe" "--marionette" "-foreground" "-no-remote" "-profile" "C:\\Users\\Aloysius\\AppData\\Local\\Temp\\rust_mozprofilehLJGqk"
1619631936734	Marionette	INFO	Listening on port 63955
1619631937115	Marionette	WARN	TLS certificate errors will be ignored for this session
JavaScript warning: https://web.telegram.org/js/app.js, line 20: asm.js type error: duplicate name 'n' not allowed
JavaScript warning: https://web.telegram.org/js/app.js, line 31: asm.js type error: numeric literal out of representable integer range
JavaScript warning: https://web.telegram.org/js/app.js, line 36: asm.js type error: fixnum is not a subtype of double? or floatish
JavaScript warning: https://web.telegram.org/js/app.js, line 53: asm.js type error: double is not a subtype of int
JavaScript warning: https://stockbit.com/assets/js/preinit.min.js, line 160: unreachable code after return statement
JavaScript error: https://stockbit.com/#/StockbitNews line 866 > injectedScript, line 1: SyntaxError: JSON.parse: unexpected character at line 1 column 1 of the JSON data
JavaScript error: https://stockbit.com/#/StockbitNews line 866 > injectedScript, line 1: ReferenceError: fbq is not defined
JavaScript warning: https://cdn.zarget.com/144446/337134.js, line 3: unreachable code after return statement
1619632479334	Marionette	INFO	Stopped listening on port 63955

###!!! [Child][RunMessage] Error: Channel closing: too late to send/recv, messages will be lost

1619718419879	geckodriver	INFO	Listening on 127.0.0.1:53753
1619718426347	mozrunner::runner	INFO	Running command: "C:\\Program Files\\Mozilla Firefox\\firefox.exe" "--marionette" "-foreground" "-no-remote" "-profile" "C:\\Users\\Aloysius\\AppData\\Local\\Temp\\rust_mozprofilei30SaG"
1619718427930	Marionette	INFO	Listening on port 53763
1619718428405	Marionette	WARN	TLS certificate errors will be ignored for this session
JavaScript warning: https://web.telegram.org/js/app.js, line 20: asm.js type error: duplicate name 'n' not allowed
JavaScript warning: https://web.telegram.org/js/app.js, line 31: asm.js type error: numeric literal out of representable integer range
JavaScript warning: https://web.telegram.org/js/app.js, line 36: asm.js type error: fixnum is not a subtype of double? or floatish
JavaScript warning: https://web.telegram.org/js/app.js, line 53: asm.js type error: double is not a subtype of int
JavaScript warning: https://stockbit.com/assets/js/preinit.min.js, line 213: unreachable code after return statement
JavaScript error: https://stockbit.com/#/StockbitNews line 866 > injectedScript, line 1: SyntaxError: JSON.parse: unexpected character at line 1 column 1 of the JSON data
JavaScript error: https://stockbit.com/#/StockbitNews line 866 > injectedScript, line 1: ReferenceError: fbq is not defined
JavaScript warning: https://cdn.zarget.com/144446/337134.js, line 3: unreachable code after return statement
JavaScript warning: https://web.telegram.org/js/app.js, line 20: asm.js type error: duplicate name 'n' not allowed
JavaScript warning: https://web.telegram.org/js/app.js, line 31: asm.js type error: numeric literal out of representable integer range
JavaScript warning: https://web.telegram.org/js/app.js, line 36: asm.js type error: fixnum is not a subtype of double? or floatish
JavaScript warning: https://web.telegram.org/js/app.js, line 53: asm.js type error: double is not a subtype of int
JavaScript warning: https://web.telegram.org/js/app.js, line 20: asm.js type error: duplicate name 'n' not allowed
JavaScript warning: https://web.telegram.org/js/app.js, line 31: asm.js type error: numeric literal out of representable integer range
JavaScript warning: https://web.telegram.org/js/app.js, line 36: asm.js type error: fixnum is not a subtype of double? or floatish
JavaScript warning: https://web.telegram.org/js/app.js, line 53: asm.js type error: double is not a subtype of int
1619721690874	Marionette	INFO	Stopped listening on port 53763

###!!! [Child][RunMessage] Error: Channel closing: too late to send/recv, messages will be lost

1619803527361	geckodriver	INFO	Listening on 127.0.0.1:60738
1619803534028	mozrunner::runner	INFO	Running command: "C:\\Program Files\\Mozilla Firefox\\firefox.exe" "--marionette" "-foreground" "-no-remote" "-profile" "C:\\Users\\Aloysius\\AppData\\Local\\Temp\\rust_mozprofilehYn7EI"
1619803534297	Marionette	INFO	Marionette enabled
1619803535427	Marionette	INFO	Listening on port 60747
1619803535567	Marionette	WARN	TLS certificate errors will be ignored for this session
JavaScript warning: https://web.telegram.org/js/app.js, line 20: asm.js type error: duplicate name 'n' not allowed
JavaScript warning: https://web.telegram.org/js/app.js, line 31: asm.js type error: numeric literal out of representable integer range
JavaScript warning: https://web.telegram.org/js/app.js, line 36: asm.js type error: fixnum is not a subtype of double? or floatish
JavaScript warning: https://web.telegram.org/js/app.js, line 53: asm.js type error: double is not a subtype of int
JavaScript warning: https://stockbit.com/assets/js/preinit.min.js, line 213: unreachable code after return statement
JavaScript error: https://stockbit.com/#/StockbitNews line 866 > injectedScript, line 1: SyntaxError: JSON.parse: unexpected character at line 1 column 1 of the JSON data
JavaScript error: https://stockbit.com/#/StockbitNews line 866 > injectedScript, line 1: ReferenceError: fbq is not defined
JavaScript warning: https://cdn.zarget.com/144446/337134.js, line 3: unreachable code after return statement
1619808187336	Marionette	INFO	Stopped listening on port 60747
1619889176397	geckodriver	INFO	Listening on 127.0.0.1:51084
1619889182965	mozrunner::runner	INFO	Running command: "C:\\Program Files\\Mozilla Firefox\\firefox.exe" "--marionette" "-foreground" "-no-remote" "-profile" "C:\\Users\\Aloysius\\AppData\\Local\\Temp\\rust_mozprofile2Mibjf"
1619889183264	Marionette	INFO	Marionette enabled
1619889184610	Marionette	INFO	Listening on port 51093
1619889185021	Marionette	WARN	TLS certificate errors will be ignored for this session
JavaScript warning: https://web.telegram.org/js/app.js, line 20: asm.js type error: duplicate name 'n' not allowed
JavaScript warning: https://web.telegram.org/js/app.js, line 31: asm.js type error: numeric literal out of representable integer range
JavaScript warning: https://web.telegram.org/js/app.js, line 36: asm.js type error: fixnum is not a subtype of double? or floatish
JavaScript warning: https://web.telegram.org/js/app.js, line 53: asm.js type error: double is not a subtype of int
JavaScript warning: https://stockbit.com/assets/js/preinit.min.js, line 160: unreachable code after return statement
JavaScript error: https://stockbit.com/#/login line 866 > injectedScript, line 1: SyntaxError: JSON.parse: unexpected character at line 1 column 1 of the JSON data
JavaScript error: https://stockbit.com/#/login line 866 > injectedScript, line 1: ReferenceError: fbq is not defined
JavaScript warning: https://cdn.zarget.com/144446/337134.js, line 3: unreachable code after return statement
1619891931101	Marionette	INFO	Stopped listening on port 51093

###!!! [Child][RunMessage] Error: Channel closing: too late to send/recv, messages will be lost

1619973244567	geckodriver	INFO	Listening on 127.0.0.1:65437
1619973251446	mozrunner::runner	INFO	Running command: "C:\\Program Files\\Mozilla Firefox\\firefox.exe" "--marionette" "-foreground" "-no-remote" "-profile" "C:\\Users\\Aloysius\\AppData\\Local\\Temp\\rust_mozprofilezeMgXn"
1619973251841	Marionette	INFO	Marionette enabled
1619973253272	Marionette	INFO	Listening on port 65460
1619973253500	Marionette	WARN	TLS certificate errors will be ignored for this session
JavaScript warning: https://web.telegram.org/js/app.js, line 20: asm.js type error: duplicate name 'n' not allowed
JavaScript warning: https://web.telegram.org/js/app.js, line 31: asm.js type error: numeric literal out of representable integer range
JavaScript warning: https://web.telegram.org/js/app.js, line 36: asm.js type error: fixnum is not a subtype of double? or floatish
JavaScript warning: https://web.telegram.org/js/app.js, line 53: asm.js type error: double is not a subtype of int
JavaScript warning: https://stockbit.com/assets/js/preinit.min.js, line 160: unreachable code after return statement
JavaScript error: https://stockbit.com/#/StockbitNews line 866 > injectedScript, line 1: SyntaxError: JSON.parse: unexpected character at line 1 column 1 of the JSON data
JavaScript error: https://stockbit.com/#/StockbitNews line 866 > injectedScript, line 1: ReferenceError: fbq is not defined
JavaScript warning: https://cdn.zarget.com/144446/337134.js, line 3: unreachable code after return statement
[Parent 15944, IPC I/O Parent] WARNING: file /builds/worker/checkouts/gecko/ipc/chromium/src/base/process_util_win.cc:167
1619973641827	Marionette	INFO	Stopped listening on port 65460
1621102145695	geckodriver	INFO	Listening on 127.0.0.1:61510
1621102152232	mozrunner::runner	INFO	Running command: "C:\\Program Files\\Mozilla Firefox\\firefox.exe" "--marionette" "-foreground" "-no-remote" "-profile" "C:\\Users\\Aloysius\\AppData\\Local\\Temp\\rust_mozprofileclZ3la"
1621102152480	Marionette	INFO	Marionette enabled
1621102153680	Marionette	INFO	Listening on port 61520
1621102153773	Marionette	WARN	TLS certificate errors will be ignored for this session
JavaScript warning: https://web.telegram.org/js/app.js, line 20: asm.js type error: duplicate name 'n' not allowed
JavaScript warning: https://web.telegram.org/js/app.js, line 31: asm.js type error: numeric literal out of representable integer range
JavaScript warning: https://web.telegram.org/js/app.js, line 36: asm.js type error: fixnum is not a subtype of double? or floatish
JavaScript warning: https://web.telegram.org/js/app.js, line 53: asm.js type error: double is not a subtype of int
JavaScript warning: https://stockbit.com/assets/js/preinit.min.js, line 160: unreachable code after return statement
JavaScript error: https://stockbit.com/#/stream line 865 > injectedScript, line 1: SyntaxError: JSON.parse: unexpected character at line 1 column 1 of the JSON data
JavaScript error: https://stockbit.com/#/stream line 865 > injectedScript, line 1: ReferenceError: fbq is not defined
JavaScript warning: https://cdn.zarget.com/144446/337134.js, line 3: unreachable code after return statement
1621108235994	Marionette	INFO	Stopped listening on port 61520

###!!! [Child][RunMessage] Error: Channel closing: too late to send/recv, messages will be lost

1622566042936	geckodriver	INFO	Listening on 127.0.0.1:60445
1622566049676	mozrunner::runner	INFO	Running command: "C:\\Program Files\\Mozilla Firefox\\firefox.exe" "--marionette" "-foreground" "-no-remote" "-profile" "C:\\Users\\Aloysius\\AppData\\Local\\Temp\\rust_mozprofileCnmvgO"
1622566050294	Marionette	INFO	Marionette enabled
1622566052006	Marionette	INFO	Listening on port 60457
1622566052333	Marionette	WARN	TLS certificate errors will be ignored for this session
JavaScript warning: https://web.telegram.org/js/app.js, line 20: asm.js type error: duplicate name 'n' not allowed
JavaScript warning: https://web.telegram.org/js/app.js, line 31: asm.js type error: numeric literal out of representable integer range
JavaScript warning: https://web.telegram.org/js/app.js, line 36: asm.js type error: fixnum is not a subtype of double? or floatish
JavaScript warning: https://web.telegram.org/js/app.js, line 53: asm.js type error: double is not a subtype of int
JavaScript warning: https://stockbit.com/assets/js/preinit.min.js, line 160: unreachable code after return statement
JavaScript error: https://stockbit.com/#/login line 871 > injectedScript, line 1: SyntaxError: JSON.parse: unexpected character at line 1 column 1 of the JSON data
JavaScript error: https://stockbit.com/#/login line 871 > injectedScript, line 1: ReferenceError: fbq is not defined
JavaScript warning: https://cdn.zarget.com/144446/337134.js, line 3: unreachable code after return statement
1622566151989	Marionette	INFO	Stopped listening on port 60457

###!!! [Child][RunMessage] Error: Channel closing: too late to send/recv, messages will be lost

1622566159218	geckodriver	INFO	Listening on 127.0.0.1:60574
1622566166576	mozrunner::runner	INFO	Running command: "C:\\Program Files\\Mozilla Firefox\\firefox.exe" "--marionette" "-foreground" "-no-remote" "-profile" "C:\\Users\\Aloysius\\AppData\\Local\\Temp\\rust_mozprofileEMS4bD"
1622566166915	Marionette	INFO	Marionette enabled
1622566168264	Marionette	INFO	Listening on port 60587
1622566168629	Marionette	WARN	TLS certificate errors will be ignored for this session
JavaScript warning: https://web.telegram.org/js/app.js, line 20: asm.js type error: duplicate name 'n' not allowed
JavaScript warning: https://web.telegram.org/js/app.js, line 31: asm.js type error: numeric literal out of representable integer range
JavaScript warning: https://web.telegram.org/js/app.js, line 36: asm.js type error: fixnum is not a subtype of double? or floatish
JavaScript warning: https://web.telegram.org/js/app.js, line 53: asm.js type error: double is not a subtype of int
JavaScript warning: https://stockbit.com/assets/js/preinit.min.js, line 160: unreachable code after return statement
JavaScript error: https://stockbit.com/#/login line 871 > injectedScript, line 1: SyntaxError: JSON.parse: unexpected character at line 1 column 1 of the JSON data
JavaScript error: https://stockbit.com/#/login line 871 > injectedScript, line 1: ReferenceError: fbq is not defined
JavaScript warning: https://cdn.zarget.com/144446/337134.js, line 3: unreachable code after return statement
1622566897557	Marionette	INFO	Stopped listening on port 60581622566900656	mozrunner::runner	INFO	Running command: "C:\\Program Files\\Mozilla Firefox\\firefox.exe" "--marionette" "-foreground" "-no-remote" "-profile" "C:\\Users\\Aloysius\\AppData\\Local\\Temp\\rust_mozprofileTgHEsF"
1622566900934	Marionette	INFO	Marionette enabled
1622566902194	Marionette	INFO	Listening on port 60907
1622566902698	Marionette	WARN	TLS certificate errors will be ignored for this session
JavaScript warning: https://stockbit.com/assets/js/preinit.min.js, line 160: unreachable code after return statement
JavaScript warning: https://web.telegram.org/js/app.js, line 20: asm.js type error: duplicate name 'n' not allowed
JavaScript warning: https://web.telegram.org/js/app.js, line 31: asm.js type error: numeric literal out of representable integer range
JavaScript warning: https://web.telegram.org/js/app.js, line 36: asm.js type error: fixnum is not a subtype of double? or floatish
JavaScript warning: https://web.telegram.org/js/app.js, line 53: asm.js type error: double is not a subtype of int
JavaScript error: https://stockbit.com/#/stream line 871 > injectedScript, line 1: SyntaxError: JSON.parse: unexpected character at line 1 column 1 of the JSON data
JavaScript error: https://stockbit.com/#/stream line 871 > injectedScript, line 1: ReferenceError: fbq is not defined
JavaScript warning: https://cdn.zarget.com/144446/337134.js, line 3: unreachable code after return statement
JavaScript error: https://connect.facebook.net/en_US/sdk.js?hash=5743fe0558d18c7df7321a87f4419dba, line 60: uncaught exception: Error: You need to call FB.init() with App ID first.
1622568691546	Marionette	INFO	Stopped listening on port 60907

###!!! [Child][RunMessage] Error: Channel closing: too late to send/recv, messages will be lost

1622568695694	geckodriver	INFO	Listening on 127.0.0.1:62934
1622568702224	mozrunner::runner	INFO	Running command: "C:\\Program Files\\Mozilla Firefox\\firefox.exe" "--marionette" "-foreground" "-no-remote" "-profile" "C:\\Users\\Aloysius\\AppData\\Local\\Temp\\rust_mozprofilehN0Z1N"
1622568702559	Marionette	INFO	Marionette enabled
1622568703795	Marionette	INFO	Listening on port 62943
1622568704294	Marionette	WARN	TLS certificate errors will be ignored for this session
JavaScript warning: https://web.telegram.org/js/app.js, line 20: asm.js type error: duplicate name 'n' not allowed
JavaScript warning: https://web.telegram.org/js/app.js, line 31: asm.js type error: numeric literal out of representable integer range
JavaScript warning: https://web.telegram.org/js/app.js, line 36: asm.js type error: fixnum is not a subtype of double? or floatish
JavaScript warning: https://web.telegram.org/js/app.js, line 53: asm.js type error: double is not a subtype of int
JavaScript warning: https://stockbit.com/assets/js/preinit.min.js, line 160: unreachable code after return statement
JavaScript error: https://stockbit.com/#/stream line 871 > injectedScript, line 1: SyntaxError: JSON.parse: unexpected character at line 1 column 1 of the JSON data
JavaScript error: https://stockbit.com/#/stream line 871 > injectedScript, line 1: ReferenceError: fbq is not defined
JavaScript warning: https://cdn.zarget.com/144446/337134.js, line 3: unreachable code after return statement
1622568753673	Marionette	INFO	Stopped listening on port 62941622568759371	mozrunner::runner	INFO	Running command: "C:\\Program Files\\Mozilla Firefox\\firefox.exe" "--marionette" "-foreground" "-no-remote" "-profile" "C:\\Users\\Aloysius\\AppData\\Local\\Temp\\rust_mozprofile5eW3Xb"
1622568759620	Marionette	INFO	Marionette enabled
1622568760811	Marionette	INFO	Listening on port 63069
1622568760917	Marionette	WARN	TLS certificate errors will be ignored for this session
JavaScript warning: https://web.telegram.org/js/app.js, line 20: asm.js type error: duplicate name 'n' not allowed
JavaScript warning: https://web.telegram.org/js/app.js, line 31: asm.js type error: numeric literal out of representable integer range
JavaScript warning: https://web.telegram.org/js/app.js, line 36: asm.js type error: fixnum is not a subtype of double? or floatish
JavaScript warning: https://web.telegram.org/js/app.js, line 53: asm.js type error: double is not a subtype of int
JavaScript warning: https://stockbit.com/assets/js/preinit.min.js, line 160: unreachable code after return statement
JavaScript error: https://stockbit.com/#/login line 871 > injectedScript, line 1: SyntaxError: JSON.parse: unexpected character at line 1 column 1 of the JSON data
JavaScript error: https://stockbit.com/#/login line 871 > injectedScript, line 1: ReferenceError: fbq is not defined
JavaScript warning: https://cdn.zarget.com/144446/337134.js, line 3: unreachable code after return statement
1622568974849	Marionette	INFO	Stopped listening on port 63061622568980241	mozrunner::runner	INFO	Running command: "C:\\Program Files\\Mozilla Firefox\\firefox.exe" "--marionette" "-foreground" "-no-remote" "-profile" "C:\\Users\\Aloysius\\AppData\\Local\\Temp\\rust_mozprofileYZl9ly"
1622568980515	Marionette	INFO	Marionette enabled
1622568981712	Marionette	INFO	Listening on port 63213
1622568981782	Marionette	WARN	TLS certificate errors will be ignored for this session
JavaScript warning: https://web.telegram.org/js/app.js, line 20: asm.js type error: duplicate name 'n' not allowed
JavaScript warning: https://web.telegram.org/js/app.js, line 31: asm.js type error: numeric literal out of representable integer range
JavaScript warning: https://web.telegram.org/js/app.js, line 36: asm.js type error: fixnum is not a subtype of double? or floatish
JavaScript warning: https://web.telegram.org/js/app.js, line 53: asm.js type error: double is not a subtype of int
JavaScript warning: https://stockbit.com/assets/js/preinit.min.js, line 160: unreachable code after return statement
JavaScript error: https://connect.facebook.net/en_US/sdk.js?hash=305d11adda3db66b3fee51ee984a0bed, line 60: uncaught exception: Error: You need to call FB.init() with App ID first.
JavaScript error: https://stockbit.com/#/login line 871 > injectedScript, line 1: SyntaxError: JSON.parse: unexpected character at line 1 column 1 of the JSON data
JavaScript error: https://stockbit.com/#/login line 871 > injectedScript, line 1: ReferenceError: fbq is not defined
JavaScript warning: https://cdn.zarget.com/144446/337134.js, line 3: unreachable code after return statement
JavaScript error: https://elearning.telkomuniversity.ac.id/lms/lib/javascript.php/1619064750/lib/requirejs/require.min.js, line 1: Error: Script error for "core/first"
http://requirejs.org/docs/errors.html#scripterror
1622569066820	Marionette	INFO	Stopped listening on port 63211622569072305	mozrunner::runner	INFO	Running command: "C:\\Program Files\\Mozilla Firefox\\firefox.exe" "--marionette" "-foreground" "-no-remote" "-profile" "C:\\Users\\Aloysius\\AppData\\Local\\Temp\\rust_mozprofileFGqsBS"
1622569072535	Marionette	INFO	Marionette enabled
1622569073713	Marionette	INFO	Listening on port 50063
1622569073835	Marionette	WARN	TLS certificate errors will be ignored for this session
JavaScript warning: https://web.telegram.org/js/app.js, line 20: asm.js type error: duplicate name 'n' not allowed
JavaScript warning: https://web.telegram.org/js/app.js, line 31: asm.js type error: numeric literal out of representable integer range
JavaScript warning: https://web.telegram.org/js/app.js, line 36: asm.js type error: fixnum is not a subtype of double? or floatish
JavaScript warning: https://web.telegram.org/js/app.js, line 53: asm.js type error: double is not a subtype of int
JavaScript warning: https://stockbit.com/assets/js/preinit.min.js, line 160: unreachable code after return statement
JavaScript error: https://stockbit.com/#/login line 871 > injectedScript, line 1: SyntaxError: JSON.parse: unexpected character at line 1 column 1 of the JSON data
JavaScript error: https://stockbit.com/#/login line 871 > injectedScript, line 1: ReferenceError: fbq is not defined
JavaScript warning: https://cdn.zarget.com/144446/337134.js, line 3: unreachable code after return statement
1622569145048	Marionette	INFO	Stopped listening on port 50061622569150579	mozrunner::runner	INFO	Running command: "C:\\Program Files\\Mozilla Firefox\\firefox.exe" "--marionette" "-foreground" "-no-remote" "-profile" "C:\\Users\\Aloysius\\AppData\\Local\\Temp\\rust_mozprofiletHozbt"
1622569150851	Marionette	INFO	Marionette enabled
1622569152078	Marionette	INFO	Listening on port 50180
1622569152126	Marionette	WARN	TLS certificate errors will be ignored for this session
JavaScript warning: https://web.telegram.org/js/app.js, line 20: asm.js type error: duplicate name 'n' not allowed
JavaScript warning: https://web.telegram.org/js/app.js, line 31: asm.js type error: numeric literal out of representable integer range
JavaScript warning: https://web.telegram.org/js/app.js, line 36: asm.js type error: fixnum is not a subtype of double? or floatish
JavaScript warning: https://web.telegram.org/js/app.js, line 53: asm.js type error: double is not a subtype of int
JavaScript warning: https://stockbit.com/assets/js/preinit.min.js, line 160: unreachable code after return statement
JavaScript error: https://stockbit.com/#/stream line 871 > injectedScript, line 1: SyntaxError: JSON.parse: unexpected character at line 1 column 1 of the JSON data
JavaScript error: https://stockbit.com/#/stream line 871 > injectedScript, line 1: ReferenceError: fbq is not defined
JavaScript warning: https://cdn.zarget.com/144446/337134.js, line 3: unreachable code after return statement
JavaScript error: https://elearning.telkomuniversity.ac.id/lms/lib/javascript.php/1619064750/lib/requirejs/require.min.js, line 1: Error: Script error for "core/first"
http://requirejs.org/docs/errors.html#scripterror
[Parent 11744, IPC I/O Parent] WARNING: file /builds/worker/1622569307866	mozrunner::runner	INFO	Running command: "C:\\Program Files\\Mozilla Firefox\\firefox.exe" "--marionette" "-foreground" "-no-remote" "-profile" "C:\\Users\\Aloysius\\AppData\\Local\\Temp\\rust_mozprofileDfXoGp"
1622569308116	Marionette	INFO	Marionette enabled
1622569309304	Marionette	INFO	Listening on port 51814
1622569309402	Marionette	WARN	TLS certificate errors will be ignored for this session
JavaScript warning: https://web.telegram.org/js/app.js, line 20: asm.js type error: duplicate name 'n' not allowed
JavaScript warning: https://web.telegram.org/js/app.js, line 31: asm.js type error: numeric literal out of representable integer range
JavaScript warning: https://web.telegram.org/js/app.js, line 36: asm.js type error: fixnum is not a subtype of double? or floatish
JavaScript warning: https://web.telegram.org/js/app.js, line 53: asm.js type error: double is not a subtype of int
JavaScript warning: https://stockbit.com/assets/js/preinit.min.js, line 160: unreachable code after return statement
JavaScript error: https://connect.facebook.net/en_US/sdk.js?hash=305d11adda3db66b3fee51ee984a0bed, line 60: uncaught exception: Error: You need to call FB.init() with App ID first.
JavaScript error: https://stockbit.com/#/login line 871 > injectedScript, line 1: SyntaxError: JSON.parse: unexpected character at line 1 column 1 of the JSON data
JavaScript error: https://stockbit.com/#/login line 871 > injectedScript, line 1: ReferenceError: fbq is not defined
JavaScript warning: https://cdn.zarget.com/144446/337134.js, line 3: unreachable code after return statement
JavaScript error: https://elearning.telkomuniversity.ac.id/lms/lib/javascript.php/1619064750/lib/requirejs/require.min.js, line 1: Error: Script error for "core/first"
http://requirejs.org/docs/errors.html#scripterror
1622569364248	Marionette	INFO	Stopped listening on port 51814

###!!! [Child][RunMessage] Error: Channel closing: too late to send/recv, messages will be lost

"--marionette" "-foreground" "-no-remote" "-profile" "C:\\Users\\Aloysius\\AppData\\Local\\Temp\\rust_mozprofileLPwo5q"
1622569362713	Marionette	INFO	Marionette enabled
1622569364002	Marionette	INFO	Listening on port 51941
1622569364490	Marionette	WARN	TLS certificate errors will be ignored for this session
JavaScript warning: https://stockbit.com/assets/js/preinit.min.js, line 160: unreachable code after return statement
JavaScript warning: https://web.telegram.org/js/app.js, line 20: asm.js type error: duplicate name 'n' not allowed
JavaScript warning: https://web.telegram.org/js/app.js, line 31: asm.js type error: numeric literal out of representable integer range
JavaScript warning: https://web.telegram.org/js/app.js, line 36: asm.js type error: fixnum is not a subtype of double? or floatish
JavaScript warning: https://web.telegram.org/js/app.js, line 53: asm.js type error: double is not a subtype of int
JavaScript error: https://connect.facebook.net/en_US/sdk.js?hash=305d11adda3db66b3fee51ee984a0bed, line 60: uncaught exception: Error: You need to call FB.init() with App ID first.
JavaScript error: https://stockbit.com/#/login line 871 > injectedScript, line 1: SyntaxError: JSON.parse: unexpected character at line 1 column 1 of the JSON data
JavaScript error: https://stockbit.com/#/login line 871 > injectedScript, line 1: ReferenceError: fbq is not defined
JavaScript warning: https://cdn.zarget.com/144446/337134.js, line 3: unreachable code after return statement
JavaScript warning: https://web.telegram.org/js/app.js, line 20: asm.js type error: duplicate name 'n' not allowed
JavaScript warning: https://web.telegram.org/js/app.js, line 31: asm.js type error: numeric literal out of representable integer range
JavaScript warning: https://web.telegram.org/js/app.js, line 36: asm.js type error: fixnum is not a subtype of double? or floatish
JavaScript warning: https://web.telegram.org/js/app.js, line 53: asm.js type error: double is not a subtype of int
JavaScript warning: https://web.telegram.org/js/app.js, line 20: asm.js type error: duplicate name 'n' not allowed
JavaScript warning: https://web.telegram.org/js/app.js, line 31: asm.js type error: numeric literal out of representable integer range
JavaScript warning: https://web.telegram.org/js/app.js, line 36: asm.js type error: fixnum is not a subtype of double? or floatish
JavaScript warning: https://web.telegram.org/js/app.js, line 53: asm.js type error: double is not a subtype of int
1622573519163	Marionette	INFO	Stopped listening on port 51941

###!!! [Child][RunMessage] Error: Channel closing: too late to send/recv, messages will be lost

