1618238727297	geckodriver	INFO	Listening on 127.0.0.1:50151
1618238734649	mozrunner::runner	INFO	Running command: "C:\\Program Files\\Mozilla Firefox\\firefox.exe" "--marionette" "-foreground" "-no-remote" "-profile" "C:\\Users\\Aloysius\\AppData\\Local\\Temp\\rust_mozprofilem7N5XB"
1618238737128	Marionette	INFO	Listening on port 50162
1618238737327	Marionette	WARN	TLS certificate errors will be ignored for this session
JavaScript warning: https://web.telegram.org/js/app.js, line 20: asm.js type error: duplicate name 'n' not allowed
JavaScript warning: https://web.telegram.org/js/app.js, line 31: asm.js type error: numeric literal out of representable integer range
JavaScript warning: https://web.telegram.org/js/app.js, line 36: asm.js type error: fixnum is not a subtype of double? or floatish
JavaScript warning: https://web.telegram.org/js/app.js, line 53: asm.js type error: double is not a subtype of int
JavaScript warning: https://stockbit.com/assets/js/preinit.min.js, line 213: unreachable code after return statement
JavaScript error: https://stockbit.com/#/StockbitNews line 867 > injectedScript, line 1: SyntaxError: JSON.parse: unexpected character at line 1 column 1 of the JSON data
JavaScript error: https://stockbit.com/#/StockbitNews line 867 > injectedScript, line 1: ReferenceError: fbq is not defined
JavaScript warning: https://cdn.zarget.com/144446/337134.js, line 3: unreachable code after return statement
[Parent 17232, IPC I/O Parent] WARNING: file /builds/worker/1618238761840	mozrunner::runner	INFO	Running command: "C:\\Program Files\\Mozilla Firefox\\firefox.exe" "--marionette" "-foreground" "-no-remote" "-profile" "C:\\Users\\Aloysius\\AppData\\Local\\Temp\\rust_mozprofiles7tVFm"
1618238763270	Marionette	INFO	Listening on port 50283
1618238763386	Marionette	WARN	TLS certificate errors will be ignored for this session
JavaScript warning: https://web.telegram.org/js/app.js, line 20: asm.js type error: duplicate name 'n' not allowed
JavaScript warning: https://web.telegram.org/js/app.js, line 31: asm.js type error: numeric literal out of representable integer range
JavaScript warning: https://web.telegram.org/js/app.js, line 36: asm.js type error: fixnum is not a subtype of double? or floatish
JavaScript warning: https://web.telegram.org/js/app.js, line 53: asm.js type error: double is not a subtype of int
JavaScript warning: https://stockbit.com/assets/js/preinit.min.js, line 213: unreachable code after return statement
JavaScript error: https://stockbit.com/#/StockbitNews line 867 > injectedScript, line 1: SyntaxError: JSON.parse: unexpected character at line 1 column 1 of the JSON data
JavaScript error: https://stockbit.com/#/StockbitNews line 867 > injectedScript, line 1: ReferenceError: fbq is not defined
JavaScript warning: https://cdn.zarget.com/144446/337134.js, line 3: unreachable code after return statement
1618238797485	Marionette	INFO	Stopped listening on port 50281618238803743	mozrunner::runner	INFO	Running command: "C:\\Program Files\\Mozilla Firefox\\firefox.exe" "--marionette" "-foreground" "-no-remote" "-profile" "C:\\Users\\Aloysius\\AppData\\Local\\Temp\\rust_mozprofileGUKoDd"
1618238805368	Marionette	INFO	Listening on port 50411
1618238805813	Marionette	WARN	TLS certificate errors will be ignored for this session
JavaScript warning: https://web.telegram.org/js/app.js, line 20: asm.js type error: duplicate name 'n' not allowed
JavaScript warning: https://web.telegram.org/js/app.js, line 31: asm.js type error: numeric literal out of representable integer range
JavaScript warning: https://web.telegram.org/js/app.js, line 36: asm.js type error: fixnum is not a subtype of double? or floatish
JavaScript warning: https://web.telegram.org/js/app.js, line 53: asm.js type error: double is not a subtype of int
JavaScript warning: https://stockbit.com/assets/js/preinit.min.js, line 213: unreachable code after return statement
JavaScript error: https://stockbit.com/#/StockbitNews line 867 > injectedScript, line 1: SyntaxError: JSON.parse: unexpected character at line 1 column 1 of the JSON data
JavaScript error: https://stockbit.com/#/StockbitNews line 867 > injectedScript, line 1: ReferenceError: fbq is not defined
JavaScript warning: https://cdn.zarget.com/144446/337134.js, line 3: unreachable code after return statement
1618238849239	Marionette	INFO	Stopped listening on port 50411618238855527	mozrunner::runner	INFO	Running command: "C:\\Program Files\\Mozilla Firefox\\firefox.exe" "--marionette" "-foreground" "-no-remote" "-profile" "C:\\Users\\Aloysius\\AppData\\Local\\Temp\\rust_mozprofileTV9aQO"
1618238857066	Marionette	INFO	Listening on port 50539
1618238857084	Marionette	WARN	TLS certificate errors will be ignored for this session
JavaScript warning: https://web.telegram.org/js/app.js, line 20: asm.js type error: duplicate name 'n' not allowed
JavaScript warning: https://web.telegram.org/js/app.js, line 31: asm.js type error: numeric literal out of representable integer range
JavaScript warning: https://web.telegram.org/js/app.js, line 36: asm.js type error: fixnum is not a subtype of double? or floatish
JavaScript warning: https://web.telegram.org/js/app.js, line 53: asm.js type error: double is not a subtype of int
JavaScript warning: https://stockbit.com/assets/js/preinit.min.js, line 213: unreachable code after return statement
JavaScript error: https://stockbit.com/#/login line 867 > injectedScript, line 1: SyntaxError: JSON.parse: unexpected character at line 1 column 1 of the JSON data
JavaScript error: https://stockbit.com/#/login line 867 > injectedScript, line 1: ReferenceError: fbq is not defined
JavaScript warning: https://cdn.zarget.com/144446/337134.js, line 3: unreachable code after return statement
[Parent 6836, IPC I/O Parent] WARNING: file /builds/worker/checkouts/gecko/ipc/chromium/src/base/process_util_win.cc:167
1618239092724	Marionette	INFO	Stopped listening on port 50539
ground" "-no-remote" "-profile" "C:\\Users\\Aloysius\\AppData\\Local\\Temp\\rust_mozprofileYkO0V5"
1618238916221	Marionette	INFO	Listening on port 50661
1618238916245	Marionette	WARN	TLS certificate errors will be ignored for this session
JavaScript warning: https://web.telegram.org/js/app.js, line 20: asm.js type error: duplicate name 'n' not allowed
JavaScript warning: https://web.telegram.org/js/app.js, line 31: asm.js type error: numeric literal out of representable integer range
JavaScript warning: https://web.telegram.org/js/app.js, line 36: asm.js type error: fixnum is not a subtype of double? or floatish
JavaScript warning: https://web.telegram.org/js/app.js, line 53: asm.js type error: double is not a subtype of int
JavaScript warning: https://stockbit.com/assets/js/preinit.min.js, line 213: unreachable code after return statement
JavaScript error: https://stockbit.com/#/StockbitNews line 867 > injectedScript, line 1: SyntaxError: JSON.parse: unexpected character at line 1 column 1 of the JSON data
JavaScript error: https://stockbit.com/#/StockbitNews line 867 > injectedScript, line 1: ReferenceError: fbq is not defined
JavaScript warning: https://cdn.zarget.com/144446/337134.js, line 3: unreachable code after return statement
[Parent 22044, IPC I/O Parent] WARNING: file /builds/worker/1618239095999	mozrunner::runner	INFO	Running command: "C:\\Program Files\\Mozilla Firefox\\firefox.exe" "--marionette" "-foreground" "-no-remote" "-profile" "C:\\Users\\Aloysius\\AppData\\Local\\Temp\\rust_mozprofilekPzMxq"
1618239097670	Marionette	INFO	Listening on port 50812
1618239098059	Marionette	WARN	TLS certificate errors will be ignored for this session
JavaScript warning: https://web.telegram.org/js/app.js, line 20: asm.js type error: duplicate name 'n' not allowed
JavaScript warning: https://web.telegram.org/js/app.js, line 31: asm.js type error: numeric literal out of representable integer range
JavaScript warning: https://web.telegram.org/js/app.js, line 36: asm.js type error: fixnum is not a subtype of double? or floatish
JavaScript warning: https://web.telegram.org/js/app.js, line 53: asm.js type error: double is not a subtype of int
JavaScript warning: https://stockbit.com/assets/js/preinit.min.js, line 213: unreachable code after return statement
JavaScript error: https://stockbit.com/#/StockbitNews line 867 > injectedScript, line 1: SyntaxError: JSON.parse: unexpected character at line 1 column 1 of the JSON data
JavaScript error: https://stockbit.com/#/StockbitNews line 867 > injectedScript, line 1: ReferenceError: fbq is not defined
JavaScript warning: https://cdn.zarget.com/144446/337134.js, line 3: unreachable code after return statement
Marionette threw an error: NotFoundError: WindowGlobalParent.getActor: No such JSWindowActor 'MarionetteCommands'
getMarionetteCommandsActorProxy/get/<@chrome://marionette/content/actors/MarionetteCommandsParent.jsm:332:69
unregisterCommandsActor@chrome://marionette/content/actors/MarionetteCommandsParent.jsm:395:15
GeckoDriver.prototype.deleteSession@chrome://marionette/content/driver.js:3009:5
onClosed@chrome://marionette/content/server.js:196:17
close@chrome://marionette/content/transport.js:225:18
onInputStreamReady@chrome://marionette/content/transport.js:379:14

JavaScript error: , line 0: NotFoundError: No such JSWindowActor 'MarionetteCommands'
1618239165535	Marionette	INFO	Stopped listening on port 50811618239171678	mozrunner::runner	INFO	Running command: "C:\\Program Files\\Mozilla Firefox\\firefox.exe" "--marionette" "-foreground" "-no-remote" "-profile" "C:\\Users\\Aloysius\\AppData\\Local\\Temp\\rust_mozprofilevZWRnh"
1618239173211	Marionette	INFO	Listening on port 50955
1618239173229	Marionette	WARN	TLS certificate errors will be ignored for this session
JavaScript warning: https://web.telegram.org/js/app.js, line 20: asm.js type error: duplicate name 'n' not allowed
JavaScript warning: https://web.telegram.org/js/app.js, line 31: asm.js type error: numeric literal out of representable integer range
JavaScript warning: https://web.telegram.org/js/app.js, line 36: asm.js type error: fixnum is not a subtype of double? or floatish
JavaScript warning: https://web.telegram.org/js/app.js, line 53: asm.js type error: double is not a subtype of int
JavaScript warning: https://stockbit.com/assets/js/preinit.min.js, line 213: unreachable code after return statement
JavaScript error: https://stockbit.com/#/StockbitNews line 867 > injectedScript, line 1: SyntaxError: JSON.parse: unexpected character at line 1 column 1 of the JSON data
JavaScript error: https://stockbit.com/#/login line 867 > injectedScript, line 1: ReferenceError: fbq is not defined
JavaScript warning: https://cdn.zarget.com/144446/337134.js, line 3: unreachable code after return statement
Marionette threw an error: NotFoundError: WindowGlobalParent.getActor: No such JSWindowActor 'MarionetteCommands'
getMarionetteCommandsActorProxy/get/<@chrome://marionette/content/actors/MarionetteCommandsParent.jsm:332:69
unregisterCommandsActor@chrome://marionette/content/actors/MarionetteCommandsParent.jsm:395:15
GeckoDriver.prototype.deleteSession@chrome://marionette/content/driver.js:3009:5
onClosed@chrome://marionette/content/server.js:196:17
close@chrome://marionette/content/transport.js:225:18
onInputStreamReady@chrome://marionette/content/transport.js:379:14

JavaScript error: , line 0: NotFoundError: No such JSWindowActor 'MarionetteCommands'
1618239236182	Marionette	INFO	Stopped listening on port 50951618239242790	mozrunner::runner	INFO	Running command: "C:\\Program Files\\Mozilla Firefox\\firefox.exe" "--marionette" "-foreground" "-no-remote" "-profile" "C:\\Users\\Aloysius\\AppData\\Local\\Temp\\rust_mozprofileMGfhI5"
1618239244153	Marionette	INFO	Listening on port 51072
1618239244340	Marionette	WARN	TLS certificate errors will be ignored for this session
JavaScript warning: https://web.telegram.org/js/app.js, line 20: asm.js type error: duplicate name 'n' not allowed
JavaScript warning: https://web.telegram.org/js/app.js, line 31: asm.js type error: numeric literal out of representable integer range
JavaScript warning: https://web.telegram.org/js/app.js, line 36: asm.js type error: fixnum is not a subtype of double? or floatish
JavaScript warning: https://web.telegram.org/js/app.js, line 53: asm.js type error: double is not a subtype of int
JavaScript warning: https://stockbit.com/assets/js/preinit.min.js, line 213: unreachable code after return statement
JavaScript error: https://stockbit.com/#/StockbitNews line 867 > injectedScript, line 1: SyntaxError: JSON.parse: unexpected character at line 1 column 1 of the JSON data
JavaScript error: https://stockbit.com/#/StockbitNews line 867 > injectedScript, line 1: ReferenceError: fbq is not defined
JavaScript warning: https://cdn.zarget.com/144446/337134.js, line 3: unreachable code after return statement
1618245697323	Marionette	INFO	Stopped listening on port 51072

###!!! [Child][RunMessage] Error: Channel closing: too late to send/recv, messages will be lost

